[2021-11-13 18:50:08] [ INFO ] [ProductoService:35] Creación e insercción de productos en la BD
[2021-11-13 18:50:12] [ INFO ] [ProductoService:35] Creación e insercción de productos en la BD
[2021-11-13 18:50:23] [ INFO ] [ProductoService:35] Creación e insercción de productos en la BD
[2021-11-13 18:50:44] [ INFO ] [ProductoService:35] Creación e insercción de productos en la BD
[2021-11-13 18:53:05] [ INFO ] [ProductoService:35] Creación e insercción de productos en la BD
[2021-11-13 18:55:48] [ INFO ] [ProductoService:35] Creación e insercción de productos en la BD
[2021-11-13 18:55:58] [ INFO ] [MainController:42] Comienza la ejecución de la aplicación
[2021-11-13 18:55:58] [ INFO ] [MainController:52] Se crea el carrito vacío
[2021-11-13 18:55:58] [ INFO ] [MainController:59] Si el usuario no está logueado se crea una sesión anónima
[2021-11-13 19:01:15] [ INFO ] [ProductoService:35] Creación e insercción de productos en la BD
[2021-11-13 19:02:20] [ INFO ] [ProductoService:35] Creación e insercción de productos en la BD
[2021-11-13 19:07:10] [ INFO ] [ProductoService:35] Creación e insercción de productos en la BD
[2021-11-13 19:07:14] [ INFO ] [MainController:42] Comienza la ejecución de la aplicación
[2021-11-13 19:07:14] [ INFO ] [MainController:59] Si el usuario no está logueado se crea una sesión anónima
[2021-11-13 19:11:38] [ INFO ] [ProductoService:35] Creación e insercción de productos en la BD
[2021-11-13 19:11:45] [ INFO ] [MainController:42] Comienza la ejecución de la aplicación
[2021-11-13 19:11:45] [ INFO ] [MainController:59] Si el usuario no está logueado se crea una sesión anónima
[2021-11-13 19:11:46] [ INFO ] [ProductoService:73] Se ha editado un producto
[2021-11-13 19:11:46] [ INFO ] [MainController:42] Comienza la ejecución de la aplicación
[2021-11-13 19:11:47] [ INFO ] [ProductoService:73] Se ha editado un producto
[2021-11-13 19:11:47] [ INFO ] [MainController:42] Comienza la ejecución de la aplicación
[2021-11-13 19:11:54] [ INFO ] [MainController:42] Comienza la ejecución de la aplicación
[2021-11-13 19:12:00] [ INFO ] [MainController:42] Comienza la ejecución de la aplicación
[2021-11-13 19:12:06] [ INFO ] [MainController:42] Comienza la ejecución de la aplicación
[2021-11-13 19:12:06] [ INFO ] [MainController:52] Se crea el carrito vacío
[2021-11-13 19:12:06] [ INFO ] [MainController:59] Si el usuario no está logueado se crea una sesión anónima
[2021-11-13 19:12:15] [ INFO ] [MainController:42] Comienza la ejecución de la aplicación
[2021-11-13 19:13:18] [ INFO ] [ProductoService:35] Creación e insercción de productos en la BD
[2021-11-13 19:13:37] [ INFO ] [ProductoService:35] Creación e insercción de productos en la BD
[2021-11-13 19:13:41] [ INFO ] [MainController:42] Comienza la ejecución de la aplicación
[2021-11-13 19:13:41] [ INFO ] [MainController:59] Si el usuario no está logueado se crea una sesión anónima
[2021-11-13 19:13:43] [ INFO ] [ProductoService:73] Se ha editado un producto
[2021-11-13 19:13:43] [ INFO ] [MainController:42] Comienza la ejecución de la aplicación
[2021-11-13 19:13:44] [ INFO ] [ProductoService:73] Se ha editado un producto
[2021-11-13 19:13:44] [ INFO ] [MainController:42] Comienza la ejecución de la aplicación
[2021-11-13 19:13:49] [ INFO ] [MainController:42] Comienza la ejecución de la aplicación
[2021-11-13 19:13:52] [ INFO ] [MainController:42] Comienza la ejecución de la aplicación
[2021-11-13 19:13:56] [ INFO ] [MainController:42] Comienza la ejecución de la aplicación
[2021-11-13 19:13:56] [ INFO ] [MainController:52] Se crea el carrito vacío
[2021-11-13 19:13:56] [ INFO ] [MainController:59] Si el usuario no está logueado se crea una sesión anónima
[2021-11-13 19:14:06] [ INFO ] [MainController:42] Comienza la ejecución de la aplicación
[2021-11-13 19:16:35] [ INFO ] [ProductoService:35] Creación e insercción de productos en la BD
[2021-11-13 19:16:41] [ INFO ] [MainController:42] Comienza la ejecución de la aplicación
[2021-11-13 19:16:41] [ INFO ] [MainController:59] Si el usuario no está logueado se crea una sesión anónima
[2021-11-13 19:16:47] [ INFO ] [ProductoService:35] Creación e insercción de productos en la BD
[2021-11-13 19:16:51] [ INFO ] [ProductoService:73] Se ha editado un producto
[2021-11-13 19:16:51] [ INFO ] [MainController:42] Comienza la ejecución de la aplicación
[2021-11-13 19:16:51] [ INFO ] [MainController:59] Si el usuario no está logueado se crea una sesión anónima
[2021-11-13 19:17:01] [ INFO ] [MainController:42] Comienza la ejecución de la aplicación
[2021-11-13 19:17:06] [ INFO ] [MainController:42] Comienza la ejecución de la aplicación
[2021-11-13 19:17:08] [ INFO ] [MainController:42] Comienza la ejecución de la aplicación
[2021-11-13 19:17:08] [ INFO ] [MainController:52] Se crea el carrito vacío
[2021-11-13 19:17:08] [ INFO ] [MainController:59] Si el usuario no está logueado se crea una sesión anónima
[2021-11-13 19:17:21] [ INFO ] [MainController:42] Comienza la ejecución de la aplicación
[2021-11-13 19:19:43] [ INFO ] [ProductoService:35] Creación e insercción de productos en la BD
[2021-11-13 19:21:36] [ INFO ] [ProductoService:35] Creación e insercción de productos en la BD
[2021-11-13 19:22:29] [ INFO ] [ProductoService:35] Creación e insercción de productos en la BD
[2021-11-13 19:22:36] [ INFO ] [MainController:42] Comienza la ejecución de la aplicación
[2021-11-13 19:22:36] [ INFO ] [MainController:59] Si el usuario no está logueado se crea una sesión anónima
[2021-11-13 19:22:49] [ INFO ] [MainController:42] Comienza la ejecución de la aplicación
[2021-11-13 19:22:53] [ INFO ] [ProductoService:73] Se ha editado un producto
[2021-11-13 19:22:53] [ INFO ] [MainController:42] Comienza la ejecución de la aplicación
[2021-11-13 19:22:54] [ INFO ] [ProductoService:73] Se ha editado un producto
[2021-11-13 19:22:54] [ INFO ] [MainController:42] Comienza la ejecución de la aplicación
[2021-11-13 19:22:58] [ INFO ] [MainController:42] Comienza la ejecución de la aplicación
[2021-11-13 19:22:59] [ INFO ] [MainController:42] Comienza la ejecución de la aplicación
[2021-11-13 19:22:59] [ INFO ] [MainController:52] Se crea el carrito vacío
[2021-11-13 19:22:59] [ INFO ] [MainController:59] Si el usuario no está logueado se crea una sesión anónima
[2021-11-13 19:23:06] [ INFO ] [MainController:42] Comienza la ejecución de la aplicación
[2021-11-13 19:23:16] [ INFO ] [MainController:42] Comienza la ejecución de la aplicación
[2021-11-13 19:23:25] [ INFO ] [MainController:42] Comienza la ejecución de la aplicación
[2021-11-13 19:23:25] [ INFO ] [MainController:52] Se crea el carrito vacío
[2021-11-13 19:23:25] [ INFO ] [MainController:59] Si el usuario no está logueado se crea una sesión anónima
[2021-11-13 19:23:27] [ INFO ] [ProductoService:73] Se ha editado un producto
[2021-11-13 19:23:27] [ INFO ] [MainController:42] Comienza la ejecución de la aplicación
[2021-11-13 19:23:28] [ INFO ] [ProductoService:73] Se ha editado un producto
[2021-11-13 19:23:28] [ INFO ] [MainController:42] Comienza la ejecución de la aplicación
[2021-11-13 19:23:35] [ INFO ] [MainController:42] Comienza la ejecución de la aplicación
[2021-11-13 19:23:39] [ INFO ] [MainController:42] Comienza la ejecución de la aplicación
[2021-11-13 19:23:41] [ INFO ] [ProductoService:73] Se ha editado un producto
[2021-11-13 19:23:41] [ INFO ] [MainController:42] Comienza la ejecución de la aplicación
[2021-11-13 19:23:43] [ INFO ] [ProductoService:73] Se ha editado un producto
[2021-11-13 19:23:43] [ INFO ] [MainController:42] Comienza la ejecución de la aplicación
[2021-11-13 19:23:46] [ INFO ] [MainController:42] Comienza la ejecución de la aplicación
[2021-11-13 19:23:48] [ INFO ] [MainController:42] Comienza la ejecución de la aplicación
[2021-11-13 19:23:48] [ INFO ] [MainController:52] Se crea el carrito vacío
[2021-11-13 19:23:48] [ INFO ] [MainController:59] Si el usuario no está logueado se crea una sesión anónima
[2021-11-13 19:23:58] [ INFO ] [MainController:42] Comienza la ejecución de la aplicación
[2021-11-13 19:25:33] [ INFO ] [ProductoService:35] Creación e insercción de productos en la BD
[2021-11-13 19:27:13] [ INFO ] [ProductoService:35] Creación e insercción de productos en la BD
[2021-11-13 19:27:17] [ INFO ] [MainController:42] Comienza la ejecución de la aplicación
[2021-11-13 19:27:17] [ INFO ] [MainController:59] Si el usuario no está logueado se crea una sesión anónima
[2021-11-13 19:27:20] [ INFO ] [ProductoService:73] Se ha editado un producto
[2021-11-13 19:27:20] [ INFO ] [MainController:42] Comienza la ejecución de la aplicación
[2021-11-13 19:27:21] [ INFO ] [ProductoService:73] Se ha editado un producto
[2021-11-13 19:27:21] [ INFO ] [MainController:42] Comienza la ejecución de la aplicación
[2021-11-13 19:27:31] [ INFO ] [MainController:42] Comienza la ejecución de la aplicación
[2021-11-13 19:27:37] [ INFO ] [MainController:42] Comienza la ejecución de la aplicación
[2021-11-13 19:27:39] [ INFO ] [MainController:42] Comienza la ejecución de la aplicación
[2021-11-13 19:27:39] [ INFO ] [MainController:52] Se crea el carrito vacío
[2021-11-13 19:27:39] [ INFO ] [MainController:59] Si el usuario no está logueado se crea una sesión anónima
[2021-11-13 19:27:48] [ INFO ] [MainController:42] Comienza la ejecución de la aplicación
[2021-11-13 19:27:53] [ INFO ] [MainController:42] Comienza la ejecución de la aplicación
[2021-11-13 19:27:53] [ INFO ] [MainController:52] Se crea el carrito vacío
[2021-11-13 19:27:53] [ INFO ] [MainController:59] Si el usuario no está logueado se crea una sesión anónima
[2021-11-13 19:27:58] [ INFO ] [ProductoService:73] Se ha editado un producto
[2021-11-13 19:27:58] [ INFO ] [MainController:42] Comienza la ejecución de la aplicación
[2021-11-13 19:27:59] [ INFO ] [ProductoService:73] Se ha editado un producto
[2021-11-13 19:27:59] [ INFO ] [MainController:42] Comienza la ejecución de la aplicación
[2021-11-13 19:28:10] [ INFO ] [MainController:42] Comienza la ejecución de la aplicación
[2021-11-13 19:28:15] [ INFO ] [MainController:42] Comienza la ejecución de la aplicación
[2021-11-13 19:28:16] [ INFO ] [MainController:42] Comienza la ejecución de la aplicación
[2021-11-13 19:28:16] [ INFO ] [MainController:52] Se crea el carrito vacío
[2021-11-13 19:28:16] [ INFO ] [MainController:59] Si el usuario no está logueado se crea una sesión anónima
[2021-11-13 19:28:31] [ INFO ] [MainController:42] Comienza la ejecución de la aplicación
[2021-11-13 19:33:06] [ INFO ] [ProductoService:35] Creación e insercción de productos en la BD
[2021-11-13 19:33:23] [ INFO ] [ProductoService:35] Creación e insercción de productos en la BD
[2021-11-13 19:33:49] [ INFO ] [ProductoService:35] Creación e insercción de productos en la BD
[2021-11-13 19:34:34] [ INFO ] [ProductoService:35] Creación e insercción de productos en la BD
[2021-11-13 19:34:42] [ INFO ] [MainController:42] Comienza la ejecución de la aplicación
[2021-11-13 19:34:42] [ INFO ] [MainController:52] Se crea el carrito vacío
[2021-11-13 19:34:42] [ INFO ] [MainController:59] Si el usuario no está logueado se crea una sesión anónima
[2021-11-13 19:34:55] [ INFO ] [MainController:42] Comienza la ejecución de la aplicación
[2021-11-13 19:34:57] [ INFO ] [ProductoService:73] Se ha editado un producto
[2021-11-13 19:34:57] [ INFO ] [MainController:42] Comienza la ejecución de la aplicación
[2021-11-13 19:34:58] [ INFO ] [ProductoService:73] Se ha editado un producto
[2021-11-13 19:34:58] [ INFO ] [MainController:42] Comienza la ejecución de la aplicación
[2021-11-13 19:35:05] [ INFO ] [MainController:42] Comienza la ejecución de la aplicación
[2021-11-13 19:35:08] [ INFO ] [MainController:42] Comienza la ejecución de la aplicación
[2021-11-13 19:35:11] [ INFO ] [ProductoService:73] Se ha editado un producto
[2021-11-13 19:35:11] [ INFO ] [MainController:42] Comienza la ejecución de la aplicación
[2021-11-13 19:35:12] [ INFO ] [ProductoService:73] Se ha editado un producto
[2021-11-13 19:35:12] [ INFO ] [MainController:42] Comienza la ejecución de la aplicación
[2021-11-13 19:35:16] [ INFO ] [MainController:42] Comienza la ejecución de la aplicación
[2021-11-13 19:35:16] [ INFO ] [MainController:42] Comienza la ejecución de la aplicación
[2021-11-13 19:35:16] [ INFO ] [MainController:52] Se crea el carrito vacío
[2021-11-13 19:35:16] [ INFO ] [MainController:59] Si el usuario no está logueado se crea una sesión anónima
[2021-11-13 19:35:24] [ INFO ] [MainController:42] Comienza la ejecución de la aplicación
[2021-11-13 19:36:05] [ INFO ] [ProductoService:35] Creación e insercción de productos en la BD
[2021-11-13 19:37:10] [ INFO ] [ProductoService:35] Creación e insercción de productos en la BD
[2021-11-13 19:37:19] [ INFO ] [MainController:42] Comienza la ejecución de la aplicación
[2021-11-13 19:37:19] [ INFO ] [MainController:59] Si el usuario no está logueado se crea una sesión anónima
[2021-11-13 19:37:21] [ INFO ] [ProductoService:73] Se ha editado un producto
[2021-11-13 19:37:21] [ INFO ] [MainController:42] Comienza la ejecución de la aplicación
[2021-11-13 19:37:22] [ INFO ] [ProductoService:73] Se ha editado un producto
[2021-11-13 19:37:22] [ INFO ] [MainController:42] Comienza la ejecución de la aplicación
[2021-11-13 19:37:28] [ INFO ] [MainController:42] Comienza la ejecución de la aplicación
[2021-11-13 19:37:31] [ INFO ] [MainController:42] Comienza la ejecución de la aplicación
[2021-11-13 19:37:32] [ INFO ] [ProductoService:73] Se ha editado un producto
[2021-11-13 19:37:32] [ INFO ] [MainController:42] Comienza la ejecución de la aplicación
[2021-11-13 19:37:35] [ INFO ] [MainController:42] Comienza la ejecución de la aplicación
[2021-11-13 19:37:36] [ INFO ] [MainController:42] Comienza la ejecución de la aplicación
[2021-11-13 19:37:36] [ INFO ] [MainController:52] Se crea el carrito vacío
[2021-11-13 19:37:36] [ INFO ] [MainController:59] Si el usuario no está logueado se crea una sesión anónima
[2021-11-13 19:37:44] [ INFO ] [MainController:42] Comienza la ejecución de la aplicación
[2021-11-13 19:38:08] [ INFO ] [MainController:42] Comienza la ejecución de la aplicación
[2021-11-13 19:38:08] [ INFO ] [MainController:52] Se crea el carrito vacío
[2021-11-13 19:38:08] [ INFO ] [MainController:59] Si el usuario no está logueado se crea una sesión anónima
[2021-11-13 19:38:10] [ INFO ] [ProductoService:73] Se ha editado un producto
[2021-11-13 19:38:10] [ INFO ] [MainController:42] Comienza la ejecución de la aplicación
[2021-11-13 19:38:19] [ INFO ] [MainController:42] Comienza la ejecución de la aplicación
[2021-11-13 19:38:23] [ INFO ] [MainController:42] Comienza la ejecución de la aplicación
[2021-11-13 19:38:23] [ INFO ] [MainController:42] Comienza la ejecución de la aplicación
[2021-11-13 19:38:23] [ INFO ] [MainController:52] Se crea el carrito vacío
[2021-11-13 19:38:23] [ INFO ] [MainController:59] Si el usuario no está logueado se crea una sesión anónima
[2021-11-13 19:38:31] [ INFO ] [MainController:42] Comienza la ejecución de la aplicación
[2021-11-13 19:41:16] [ INFO ] [ProductoService:35] Creación e insercción de productos en la BD
[2021-11-13 19:41:53] [ INFO ] [ProductoService:35] Creación e insercción de productos en la BD
[2021-11-13 19:41:59] [ INFO ] [MainController:42] Comienza la ejecución de la aplicación
[2021-11-13 19:41:59] [ INFO ] [MainController:59] Si el usuario no está logueado se crea una sesión anónima
[2021-11-13 19:42:01] [ INFO ] [ProductoService:73] Se ha editado un producto
[2021-11-13 19:42:01] [ INFO ] [MainController:42] Comienza la ejecución de la aplicación
[2021-11-13 19:42:02] [ INFO ] [ProductoService:73] Se ha editado un producto
[2021-11-13 19:42:02] [ INFO ] [MainController:42] Comienza la ejecución de la aplicación
[2021-11-13 19:42:08] [ INFO ] [MainController:42] Comienza la ejecución de la aplicación
[2021-11-13 19:42:11] [ INFO ] [MainController:42] Comienza la ejecución de la aplicación
[2021-11-13 19:42:14] [ INFO ] [ProductoService:73] Se ha editado un producto
[2021-11-13 19:42:14] [ INFO ] [MainController:42] Comienza la ejecución de la aplicación
[2021-11-13 19:42:16] [ INFO ] [ProductoService:73] Se ha editado un producto
[2021-11-13 19:42:16] [ INFO ] [MainController:42] Comienza la ejecución de la aplicación
[2021-11-13 19:42:20] [ INFO ] [MainController:42] Comienza la ejecución de la aplicación
[2021-11-13 19:42:29] [ INFO ] [MainController:42] Comienza la ejecución de la aplicación
[2021-11-13 19:42:29] [ INFO ] [MainController:52] Se crea el carrito vacío
[2021-11-13 19:42:29] [ INFO ] [MainController:59] Si el usuario no está logueado se crea una sesión anónima
[2021-11-13 19:42:50] [ INFO ] [MainController:42] Comienza la ejecución de la aplicación
