[2021-11-14 12:46:54] [ INFO ] [ProductoService:35] Creación e insercción de productos en la BD
[2021-11-14 12:47:18] [ INFO ] [MainController:42] Comienza la ejecución de la aplicación
[2021-11-14 12:47:18] [ INFO ] [MainController:52] Se crea el carrito vacío
[2021-11-14 12:47:18] [ INFO ] [MainController:59] Si el usuario no está logueado se crea una sesión anónima
[2021-11-14 12:47:28] [ INFO ] [MainController:42] Comienza la ejecución de la aplicación
[2021-11-14 12:47:43] [ INFO ] [MainController:42] Comienza la ejecución de la aplicación
[2021-11-14 12:49:26] [ INFO ] [ProductoService:35] Creación e insercción de productos en la BD
[2021-11-14 12:49:29] [ INFO ] [ProductoService:35] Creación e insercción de productos en la BD
[2021-11-14 12:50:06] [ INFO ] [ProductoService:35] Creación e insercción de productos en la BD
[2021-11-14 12:50:11] [ INFO ] [MainController:42] Comienza la ejecución de la aplicación
[2021-11-14 12:50:11] [ INFO ] [MainController:59] Si el usuario no está logueado se crea una sesión anónima
[2021-11-14 12:50:18] [ INFO ] [MainController:42] Comienza la ejecución de la aplicación
[2021-11-14 13:11:16] [ INFO ] [MainController:42] Comienza la ejecución de la aplicación
[2021-11-14 13:11:16] [ INFO ] [MainController:52] Se crea el carrito vacío
[2021-11-14 13:11:16] [ INFO ] [MainController:59] Si el usuario no está logueado se crea una sesión anónima
[2021-11-14 13:13:19] [ INFO ] [MainController:42] Comienza la ejecución de la aplicación
[2021-11-14 13:15:26] [ INFO ] [MainController:42] Comienza la ejecución de la aplicación
[2021-11-14 13:15:26] [ INFO ] [MainController:52] Se crea el carrito vacío
[2021-11-14 13:15:26] [ INFO ] [MainController:59] Si el usuario no está logueado se crea una sesión anónima
[2021-11-14 13:30:34] [ INFO ] [MainController:42] Comienza la ejecución de la aplicación
[2021-11-14 13:31:38] [ INFO ] [MainController:42] Comienza la ejecución de la aplicación
[2021-11-14 13:32:57] [ INFO ] [MainController:42] Comienza la ejecución de la aplicación
[2021-11-14 13:33:17] [ INFO ] [ProductoService:35] Creación e insercción de productos en la BD
[2021-11-14 13:33:18] [ INFO ] [MainController:42] Comienza la ejecución de la aplicación
[2021-11-14 13:33:18] [ INFO ] [MainController:52] Se crea el carrito vacío
[2021-11-14 13:33:18] [ INFO ] [MainController:59] Si el usuario no está logueado se crea una sesión anónima
[2021-11-14 13:34:22] [ INFO ] [MainController:42] Comienza la ejecución de la aplicación
[2021-11-14 13:34:37] [ INFO ] [MainController:42] Comienza la ejecución de la aplicación
[2021-11-14 13:34:41] [ INFO ] [MainController:42] Comienza la ejecución de la aplicación
[2021-11-14 13:34:41] [ INFO ] [MainController:52] Se crea el carrito vacío
[2021-11-14 13:34:41] [ INFO ] [MainController:59] Si el usuario no está logueado se crea una sesión anónima
[2021-11-14 13:34:55] [ INFO ] [MainController:42] Comienza la ejecución de la aplicación
[2021-11-14 13:38:07] [ INFO ] [MainController:42] Comienza la ejecución de la aplicación
[2021-11-14 13:43:31] [ INFO ] [MainController:42] Comienza la ejecución de la aplicación
[2021-11-14 13:43:31] [ INFO ] [MainController:52] Se crea el carrito vacío
[2021-11-14 13:43:31] [ INFO ] [MainController:59] Si el usuario no está logueado se crea una sesión anónima
[2021-11-14 13:43:40] [ INFO ] [MainController:42] Comienza la ejecución de la aplicación
[2021-11-14 13:43:52] [ INFO ] [MainController:42] Comienza la ejecución de la aplicación
[2021-11-14 13:54:47] [ INFO ] [MainController:42] Comienza la ejecución de la aplicación
[2021-11-14 13:54:47] [ INFO ] [MainController:52] Se crea el carrito vacío
[2021-11-14 13:54:47] [ INFO ] [MainController:59] Si el usuario no está logueado se crea una sesión anónima
[2021-11-14 13:54:55] [ INFO ] [MainController:42] Comienza la ejecución de la aplicación
[2021-11-14 13:56:53] [ INFO ] [MainController:42] Comienza la ejecución de la aplicación
[2021-11-14 13:57:18] [ INFO ] [MainController:42] Comienza la ejecución de la aplicación
[2021-11-14 13:59:07] [ INFO ] [MainController:42] Comienza la ejecución de la aplicación
[2021-11-14 14:00:05] [ INFO ] [MainController:42] Comienza la ejecución de la aplicación
[2021-11-14 14:00:05] [ INFO ] [MainController:52] Se crea el carrito vacío
[2021-11-14 14:00:05] [ INFO ] [MainController:59] Si el usuario no está logueado se crea una sesión anónima
[2021-11-14 14:00:21] [ INFO ] [MainController:42] Comienza la ejecución de la aplicación
[2021-11-14 14:00:23] [ INFO ] [ProductoService:73] Se ha editado un producto
[2021-11-14 14:00:23] [ INFO ] [MainController:42] Comienza la ejecución de la aplicación
[2021-11-14 14:00:24] [ INFO ] [ProductoService:73] Se ha editado un producto
[2021-11-14 14:00:24] [ INFO ] [MainController:42] Comienza la ejecución de la aplicación
[2021-11-14 14:00:29] [ INFO ] [MainController:42] Comienza la ejecución de la aplicación
[2021-11-14 14:00:35] [ INFO ] [MainController:42] Comienza la ejecución de la aplicación
[2021-11-14 14:00:35] [ INFO ] [MainController:52] Se crea el carrito vacío
[2021-11-14 14:00:35] [ INFO ] [MainController:59] Si el usuario no está logueado se crea una sesión anónima
[2021-11-14 14:00:43] [ INFO ] [MainController:42] Comienza la ejecución de la aplicación
[2021-11-14 14:01:03] [ INFO ] [MainController:42] Comienza la ejecución de la aplicación
[2021-11-14 14:01:03] [ INFO ] [MainController:52] Se crea el carrito vacío
[2021-11-14 14:01:03] [ INFO ] [MainController:59] Si el usuario no está logueado se crea una sesión anónima
[2021-11-14 14:01:09] [ INFO ] [MainController:42] Comienza la ejecución de la aplicación
[2021-11-14 14:01:18] [ INFO ] [MainController:42] Comienza la ejecución de la aplicación
[2021-11-14 20:14:08] [ INFO ] [ProductoService:35] Creación e insercción de productos en la BD
[2021-11-14 20:14:13] [ INFO ] [MainController:42] Comienza la ejecución de la aplicación
[2021-11-14 20:14:13] [ INFO ] [MainController:52] Se crea el carrito vacío
[2021-11-14 20:14:13] [ INFO ] [MainController:59] Si el usuario no está logueado se crea una sesión anónima
[2021-11-14 20:14:18] [ INFO ] [MainController:42] Comienza la ejecución de la aplicación
[2021-11-14 20:16:06] [ INFO ] [MainController:42] Comienza la ejecución de la aplicación
[2021-11-14 20:16:11] [ INFO ] [MainController:42] Comienza la ejecución de la aplicación
[2021-11-14 20:16:11] [ INFO ] [MainController:52] Se crea el carrito vacío
[2021-11-14 20:16:11] [ INFO ] [MainController:59] Si el usuario no está logueado se crea una sesión anónima
[2021-11-14 20:17:28] [ INFO ] [MainController:42] Comienza la ejecución de la aplicación
[2021-11-14 20:17:30] [ INFO ] [MainController:42] Comienza la ejecución de la aplicación
[2021-11-14 20:32:24] [ INFO ] [ProductoService:35] Creación e insercción de productos en la BD
[2021-11-14 20:33:44] [ INFO ] [ProductoService:35] Creación e insercción de productos en la BD
[2021-11-14 20:35:00] [ INFO ] [ProductoService:45] Creación e insercción de productos en la BD
[2021-11-14 20:35:03] [ INFO ] [MainController:42] Comienza la ejecución de la aplicación
[2021-11-14 20:35:03] [ INFO ] [MainController:59] Si el usuario no está logueado se crea una sesión anónima
[2021-11-14 20:35:33] [ INFO ] [MainController:42] Comienza la ejecución de la aplicación
[2021-11-14 20:36:56] [ INFO ] [MainController:42] Comienza la ejecución de la aplicación
[2021-11-14 20:37:06] [ INFO ] [MainController:42] Comienza la ejecución de la aplicación
[2021-11-14 20:37:15] [ INFO ] [MainController:42] Comienza la ejecución de la aplicación
[2021-11-14 20:37:17] [ INFO ] [MainController:42] Comienza la ejecución de la aplicación
[2021-11-14 20:37:17] [ INFO ] [MainController:52] Se crea el carrito vacío
[2021-11-14 20:37:17] [ INFO ] [MainController:59] Si el usuario no está logueado se crea una sesión anónima
[2021-11-14 20:40:00] [ INFO ] [MainController:42] Comienza la ejecución de la aplicación
[2021-11-14 20:40:01] [ INFO ] [MainController:42] Comienza la ejecución de la aplicación
[2021-11-14 20:40:08] [ INFO ] [MainController:42] Comienza la ejecución de la aplicación
[2021-11-14 20:40:11] [ INFO ] [MainController:42] Comienza la ejecución de la aplicación
[2021-11-14 20:40:17] [ INFO ] [MainController:42] Comienza la ejecución de la aplicación
[2021-11-14 20:40:22] [ INFO ] [MainController:42] Comienza la ejecución de la aplicación
[2021-11-14 20:40:36] [ INFO ] [MainController:42] Comienza la ejecución de la aplicación
[2021-11-14 20:40:44] [ INFO ] [MainController:42] Comienza la ejecución de la aplicación
[2021-11-14 20:40:52] [ INFO ] [MainController:42] Comienza la ejecución de la aplicación
[2021-11-14 20:41:12] [ INFO ] [MainController:42] Comienza la ejecución de la aplicación
[2021-11-14 22:43:30] [ INFO ] [MainController:42] Comienza la ejecución de la aplicación
[2021-11-14 22:43:30] [ INFO ] [MainController:52] Se crea el carrito vacío
[2021-11-14 22:43:33] [ INFO ] [MainController:42] Comienza la ejecución de la aplicación
[2021-11-14 22:43:33] [ INFO ] [MainController:42] Comienza la ejecución de la aplicación
[2021-11-14 22:43:33] [ INFO ] [MainController:52] Se crea el carrito vacío
[2021-11-14 22:43:33] [ INFO ] [MainController:59] Si el usuario no está logueado se crea una sesión anónima
[2021-11-14 22:43:36] [ INFO ] [MainController:42] Comienza la ejecución de la aplicación
[2021-11-14 22:48:11] [ INFO ] [MainController:42] Comienza la ejecución de la aplicación
[2021-11-14 22:48:16] [ INFO ] [MainController:42] Comienza la ejecución de la aplicación
[2021-11-14 22:48:55] [ INFO ] [ProductoService:83] Se ha editado un producto
[2021-11-14 22:48:55] [ INFO ] [MainController:42] Comienza la ejecución de la aplicación
[2021-11-14 22:48:56] [ INFO ] [ProductoService:83] Se ha editado un producto
[2021-11-14 22:48:56] [ INFO ] [MainController:42] Comienza la ejecución de la aplicación
[2021-11-14 22:48:56] [ INFO ] [ProductoService:83] Se ha editado un producto
[2021-11-14 22:48:56] [ INFO ] [MainController:42] Comienza la ejecución de la aplicación
[2021-11-14 22:49:03] [ INFO ] [MainController:42] Comienza la ejecución de la aplicación
[2021-11-14 22:49:06] [ INFO ] [MainController:42] Comienza la ejecución de la aplicación
[2021-11-14 22:50:47] [ INFO ] [MainController:42] Comienza la ejecución de la aplicación
[2021-11-14 22:50:47] [ INFO ] [MainController:52] Se crea el carrito vacío
[2021-11-14 22:50:47] [ INFO ] [MainController:59] Si el usuario no está logueado se crea una sesión anónima
[2021-11-14 22:50:53] [ INFO ] [MainController:42] Comienza la ejecución de la aplicación
[2021-11-14 22:51:31] [ INFO ] [MainController:42] Comienza la ejecución de la aplicación
[2021-11-14 22:51:31] [ INFO ] [MainController:52] Se crea el carrito vacío
[2021-11-14 22:51:31] [ INFO ] [MainController:59] Si el usuario no está logueado se crea una sesión anónima
[2021-11-14 22:51:36] [ INFO ] [MainController:42] Comienza la ejecución de la aplicación
[2021-11-14 22:51:36] [ INFO ] [MainController:52] Se crea el carrito vacío
[2021-11-14 22:51:36] [ INFO ] [MainController:59] Si el usuario no está logueado se crea una sesión anónima
[2021-11-14 22:51:52] [ INFO ] [MainController:42] Comienza la ejecución de la aplicación
[2021-11-14 22:52:01] [ INFO ] [MainController:42] Comienza la ejecución de la aplicación
[2021-11-14 22:52:01] [ INFO ] [MainController:52] Se crea el carrito vacío
[2021-11-14 22:52:01] [ INFO ] [MainController:59] Si el usuario no está logueado se crea una sesión anónima
[2021-11-14 22:52:07] [ INFO ] [MainController:42] Comienza la ejecución de la aplicación
[2021-11-14 22:52:08] [ INFO ] [ProductoService:83] Se ha editado un producto
[2021-11-14 22:52:08] [ INFO ] [MainController:42] Comienza la ejecución de la aplicación
[2021-11-14 22:52:11] [ INFO ] [ProductoService:83] Se ha editado un producto
[2021-11-14 22:52:11] [ INFO ] [MainController:42] Comienza la ejecución de la aplicación
[2021-11-14 22:52:14] [ INFO ] [ProductoService:83] Se ha editado un producto
[2021-11-14 22:52:14] [ INFO ] [MainController:42] Comienza la ejecución de la aplicación
[2021-11-14 22:52:16] [ INFO ] [ProductoService:83] Se ha editado un producto
[2021-11-14 22:52:16] [ INFO ] [MainController:42] Comienza la ejecución de la aplicación
[2021-11-14 22:52:17] [ INFO ] [ProductoService:83] Se ha editado un producto
[2021-11-14 22:52:17] [ INFO ] [MainController:42] Comienza la ejecución de la aplicación
[2021-11-14 22:52:20] [ INFO ] [MainController:42] Comienza la ejecución de la aplicación
[2021-11-14 22:52:24] [ INFO ] [ProductoService:83] Se ha editado un producto
[2021-11-14 22:52:24] [ INFO ] [MainController:42] Comienza la ejecución de la aplicación
[2021-11-14 22:52:26] [ INFO ] [ProductoService:83] Se ha editado un producto
[2021-11-14 22:52:26] [ INFO ] [MainController:42] Comienza la ejecución de la aplicación
[2021-11-14 22:52:28] [ INFO ] [ProductoService:83] Se ha editado un producto
[2021-11-14 22:52:28] [ INFO ] [MainController:42] Comienza la ejecución de la aplicación
[2021-11-14 22:52:31] [ INFO ] [MainController:42] Comienza la ejecución de la aplicación
[2021-11-14 22:52:36] [ INFO ] [MainController:42] Comienza la ejecución de la aplicación
[2021-11-14 22:52:37] [ INFO ] [MainController:42] Comienza la ejecución de la aplicación
[2021-11-14 22:52:37] [ INFO ] [MainController:52] Se crea el carrito vacío
[2021-11-14 22:52:37] [ INFO ] [MainController:59] Si el usuario no está logueado se crea una sesión anónima
[2021-11-14 22:52:45] [ INFO ] [MainController:42] Comienza la ejecución de la aplicación
[2021-11-14 22:53:04] [ INFO ] [MainController:42] Comienza la ejecución de la aplicación
[2021-11-14 22:53:04] [ INFO ] [MainController:52] Se crea el carrito vacío
[2021-11-14 22:53:04] [ INFO ] [MainController:59] Si el usuario no está logueado se crea una sesión anónima
[2021-11-14 22:53:09] [ INFO ] [MainController:42] Comienza la ejecución de la aplicación
[2021-11-14 23:07:54] [ INFO ] [ProductoService:45] Creación e insercción de productos en la BD
[2021-11-14 23:07:57] [ INFO ] [ProductoService:45] Creación e insercción de productos en la BD
[2021-11-14 23:10:05] [ INFO ] [ProductoService:45] Creación e insercción de productos en la BD
[2021-11-14 23:29:45] [ INFO ] [ProductoService:45] Creación e insercción de productos en la BD
[2021-11-14 23:30:36] [ INFO ] [MainController:42] Comienza la ejecución de la aplicación
[2021-11-14 23:30:36] [ INFO ] [MainController:52] Se crea el carrito vacío
[2021-11-14 23:30:36] [ INFO ] [MainController:59] Si el usuario no está logueado se crea una sesión anónima
[2021-11-14 23:30:38] [ INFO ] [ProductoService:83] Se ha editado un producto
[2021-11-14 23:30:38] [ INFO ] [MainController:42] Comienza la ejecución de la aplicación
[2021-11-14 23:30:39] [ INFO ] [ProductoService:83] Se ha editado un producto
[2021-11-14 23:30:39] [ INFO ] [MainController:42] Comienza la ejecución de la aplicación
[2021-11-14 23:30:45] [ INFO ] [MainController:42] Comienza la ejecución de la aplicación
[2021-11-14 23:30:49] [ INFO ] [MainController:42] Comienza la ejecución de la aplicación
[2021-11-14 23:31:12] [ INFO ] [ProductoService:45] Creación e insercción de productos en la BD
[2021-11-14 23:31:41] [ INFO ] [ProductoService:45] Creación e insercción de productos en la BD
[2021-11-14 23:31:48] [ INFO ] [MainController:42] Comienza la ejecución de la aplicación
[2021-11-14 23:31:48] [ INFO ] [MainController:52] Se crea el carrito vacío
[2021-11-14 23:31:48] [ INFO ] [MainController:59] Si el usuario no está logueado se crea una sesión anónima
[2021-11-14 23:31:49] [ INFO ] [ProductoService:83] Se ha editado un producto
[2021-11-14 23:31:49] [ INFO ] [MainController:42] Comienza la ejecución de la aplicación
[2021-11-14 23:31:54] [ INFO ] [MainController:42] Comienza la ejecución de la aplicación
[2021-11-14 23:31:56] [ INFO ] [MainController:42] Comienza la ejecución de la aplicación
[2021-11-14 23:31:56] [ INFO ] [MainController:52] Se crea el carrito vacío
[2021-11-14 23:31:56] [ INFO ] [MainController:59] Si el usuario no está logueado se crea una sesión anónima
[2021-11-14 23:31:59] [ INFO ] [MainController:42] Comienza la ejecución de la aplicación
[2021-11-14 23:32:00] [ INFO ] [ProductoService:83] Se ha editado un producto
[2021-11-14 23:32:00] [ INFO ] [MainController:42] Comienza la ejecución de la aplicación
[2021-11-14 23:32:05] [ INFO ] [MainController:42] Comienza la ejecución de la aplicación
[2021-11-14 23:32:09] [ INFO ] [MainController:42] Comienza la ejecución de la aplicación
[2021-11-14 23:34:11] [ INFO ] [MainController:42] Comienza la ejecución de la aplicación
[2021-11-14 23:34:11] [ INFO ] [MainController:52] Se crea el carrito vacío
[2021-11-14 23:34:11] [ INFO ] [MainController:59] Si el usuario no está logueado se crea una sesión anónima
[2021-11-14 23:34:20] [ INFO ] [MainController:42] Comienza la ejecución de la aplicación
[2021-11-14 23:34:23] [ INFO ] [MainController:42] Comienza la ejecución de la aplicación
[2021-11-14 23:34:23] [ INFO ] [MainController:52] Se crea el carrito vacío
[2021-11-14 23:34:23] [ INFO ] [MainController:59] Si el usuario no está logueado se crea una sesión anónima
[2021-11-14 23:34:28] [ INFO ] [MainController:42] Comienza la ejecución de la aplicación
[2021-11-14 23:36:20] [ INFO ] [ProductoService:45] Creación e insercción de productos en la BD
[2021-11-14 23:36:45] [ INFO ] [MainController:42] Comienza la ejecución de la aplicación
[2021-11-14 23:36:45] [ INFO ] [MainController:52] Se crea el carrito vacío
[2021-11-14 23:36:45] [ INFO ] [MainController:59] Si el usuario no está logueado se crea una sesión anónima
[2021-11-14 23:36:46] [ INFO ] [ProductoService:83] Se ha editado un producto
[2021-11-14 23:36:46] [ INFO ] [MainController:42] Comienza la ejecución de la aplicación
[2021-11-14 23:36:53] [ INFO ] [MainController:42] Comienza la ejecución de la aplicación
[2021-11-14 23:36:58] [ INFO ] [MainController:42] Comienza la ejecución de la aplicación
[2021-11-14 23:36:59] [ INFO ] [MainController:42] Comienza la ejecución de la aplicación
[2021-11-14 23:36:59] [ INFO ] [MainController:52] Se crea el carrito vacío
[2021-11-14 23:36:59] [ INFO ] [MainController:59] Si el usuario no está logueado se crea una sesión anónima
[2021-11-14 23:37:06] [ INFO ] [MainController:42] Comienza la ejecución de la aplicación
[2021-11-14 23:37:10] [ INFO ] [MainController:42] Comienza la ejecución de la aplicación
[2021-11-14 23:37:10] [ INFO ] [MainController:52] Se crea el carrito vacío
[2021-11-14 23:37:10] [ INFO ] [MainController:59] Si el usuario no está logueado se crea una sesión anónima
[2021-11-14 23:37:15] [ INFO ] [MainController:42] Comienza la ejecución de la aplicación
[2021-11-14 23:57:27] [ INFO ] [ProductoService:45] Creación e insercción de productos en la BD
[2021-11-14 23:59:41] [ INFO ] [ProductoService:45] Creación e insercción de productos en la BD
[2021-11-14 23:59:47] [ INFO ] [ProductoService:45] Creación e insercción de productos en la BD
[2021-11-14 23:59:50] [ INFO ] [ProductoService:45] Creación e insercción de productos en la BD
